Determining if the pthread_create exist failed with the following output:
Change Dir: /home/hp/wro_ws/build/CMakeFiles/CMakeTmp

Run Build Command:"/usr/bin/make" "cmTC_6d43e/fast"
/usr/bin/make -f CMakeFiles/cmTC_6d43e.dir/build.make CMakeFiles/cmTC_6d43e.dir/build
make[1]: Entering directory '/home/hp/wro_ws/build/CMakeFiles/CMakeTmp'
Building C object CMakeFiles/cmTC_6d43e.dir/CheckSymbolExists.c.o
/usr/bin/cc     -o CMakeFiles/cmTC_6d43e.dir/CheckSymbolExists.c.o   -c /home/hp/wro_ws/build/CMakeFiles/CMakeTmp/CheckSymbolExists.c
Linking C executable cmTC_6d43e
/usr/bin/cmake -E cmake_link_script CMakeFiles/cmTC_6d43e.dir/link.txt --verbose=1
/usr/bin/cc       CMakeFiles/cmTC_6d43e.dir/CheckSymbolExists.c.o  -o cmTC_6d43e -rdynamic 
CMakeFiles/cmTC_6d43e.dir/CheckSymbolExists.c.o: In function `main':
CheckSymbolExists.c:(.text+0x16): undefined reference to `pthread_create'
collect2: error: ld returned 1 exit status
CMakeFiles/cmTC_6d43e.dir/build.make:97: recipe for target 'cmTC_6d43e' failed
make[1]: *** [cmTC_6d43e] Error 1
make[1]: Leaving directory '/home/hp/wro_ws/build/CMakeFiles/CMakeTmp'
Makefile:126: recipe for target 'cmTC_6d43e/fast' failed
make: *** [cmTC_6d43e/fast] Error 2

File /home/hp/wro_ws/build/CMakeFiles/CMakeTmp/CheckSymbolExists.c:
/* */
#include <pthread.h>

int main(int argc, char** argv)
{
  (void)argv;
#ifndef pthread_create
  return ((int*)(&pthread_create))[argc];
#else
  (void)argc;
  return 0;
#endif
}

Determining if the function pthread_create exists in the pthreads failed with the following output:
Change Dir: /home/hp/wro_ws/build/CMakeFiles/CMakeTmp

Run Build Command:"/usr/bin/make" "cmTC_1464b/fast"
/usr/bin/make -f CMakeFiles/cmTC_1464b.dir/build.make CMakeFiles/cmTC_1464b.dir/build
make[1]: Entering directory '/home/hp/wro_ws/build/CMakeFiles/CMakeTmp'
Building C object CMakeFiles/cmTC_1464b.dir/CheckFunctionExists.c.o
/usr/bin/cc    -DCHECK_FUNCTION_EXISTS=pthread_create   -o CMakeFiles/cmTC_1464b.dir/CheckFunctionExists.c.o   -c /usr/share/cmake-3.5/Modules/CheckFunctionExists.c
Linking C executable cmTC_1464b
/usr/bin/cmake -E cmake_link_script CMakeFiles/cmTC_1464b.dir/link.txt --verbose=1
/usr/bin/cc   -DCHECK_FUNCTION_EXISTS=pthread_create    CMakeFiles/cmTC_1464b.dir/CheckFunctionExists.c.o  -o cmTC_1464b -rdynamic -lpthreads 
/usr/bin/ld: cannot find -lpthreads
collect2: error: ld returned 1 exit status
CMakeFiles/cmTC_1464b.dir/build.make:97: recipe for target 'cmTC_1464b' failed
make[1]: *** [cmTC_1464b] Error 1
make[1]: Leaving directory '/home/hp/wro_ws/build/CMakeFiles/CMakeTmp'
Makefile:126: recipe for target 'cmTC_1464b/fast' failed
make: *** [cmTC_1464b/fast] Error 2


